<?xml version="1.0" encoding="utf-8" standalone="no"?>
<!--This file represents the results of running a test suite-->
<test-results name="/data/programming/code/SafeResult/UnitTest/Project1.nunit" total="3" errors="0" failures="1" not-run="0" inconclusive="0" ignored="0" skipped="0" invalid="0" date="2011-10-10" time="18:17:20">
  <environment nunit-version="2.5.10.11092" clr-version="2.0.50727.1433" os-version="Unix 2.6.32.34" platform="Unix" cwd="/home/brandon" machine-name="Excalibur" user="brandon" user-domain="Excalibur" />
  <culture-info current-culture="en-US" current-uiculture="en-US" />
  <test-suite type="Project" name="/data/programming/code/SafeResult/UnitTest/Project1.nunit" executed="True" result="Failure" success="False" time="0.085" asserts="0">
    <results>
      <test-suite type="Assembly" name="/data/programming/code/SafeResult/UnitTest/bin/Debug/UnitTest.dll" executed="True" result="Failure" success="False" time="0.080" asserts="0">
        <results>
          <test-suite type="Namespace" name="UnitTest" executed="True" result="Failure" success="False" time="0.080" asserts="0">
            <results>
              <test-suite type="TestFixture" name="SafeResult" executed="True" result="Failure" success="False" time="0.079" asserts="0">
                <results>
                  <test-case name="UnitTest.SafeResult.shouldChainMapping" executed="True" result="Failure" success="False" time="0.038" asserts="2">
                    <failure>
                      <message><![CDATA[  Expected: Success
  But was:  Failure
]]></message>
                      <stack-trace><![CDATA[at UnitTest.SafeResult.shouldChainMapping () [0x00000] in <filename unknown>:0
]]></stack-trace>
                    </failure>
                  </test-case>
                  <test-case name="UnitTest.SafeResult.shouldMapErrorsAndKeepInners" executed="True" result="Success" success="True" time="0.002" asserts="4" />
                  <test-case name="UnitTest.SafeResult.shouldMapStatusAndKeepInners" executed="True" result="Success" success="True" time="0.001" asserts="3" />
                </results>
              </test-suite>
            </results>
          </test-suite>
        </results>
      </test-suite>
    </results>
  </test-suite>
</test-results>